<?xml version="1.0" encoding="UTF-8"?>
<testsuite xmlns:xsi="http://www.w3.org/2001/XMLSchema-instance" xsi:noNamespaceSchemaLocation="https://maven.apache.org/surefire/maven-surefire-plugin/xsd/surefire-test-report.xsd" name="nekr0n.AppTest" time="0.098" tests="1" errors="0" skipped="0" failures="0">
  <properties>
    <property name="java.specification.version" value="14"/>
    <property name="sun.cpu.isalist" value="amd64"/>
    <property name="sun.jnu.encoding" value="Cp1252"/>
    <property name="java.class.path" value="C:\Users\DIEGO\Documents\UVG 2023\semestre2\Redes\proyecto_1\target\test-classes;C:\Users\DIEGO\Documents\UVG 2023\semestre2\Redes\proyecto_1\target\classes;C:\Users\DIEGO\.m2\repository\junit\junit\4.11\junit-4.11.jar;C:\Users\DIEGO\.m2\repository\org\hamcrest\hamcrest-core\1.3\hamcrest-core-1.3.jar;C:\Users\DIEGO\.m2\repository\org\igniterealtime\smack\smack-tcp\4.4.6\smack-tcp-4.4.6.jar;C:\Users\DIEGO\.m2\repository\org\igniterealtime\smack\smack-streammanagement\4.4.6\smack-streammanagement-4.4.6.jar;C:\Users\DIEGO\.m2\repository\org\igniterealtime\smack\smack-im\4.4.6\smack-im-4.4.6.jar;C:\Users\DIEGO\.m2\repository\org\igniterealtime\smack\smack-core\4.4.6\smack-core-4.4.6.jar;C:\Users\DIEGO\.m2\repository\org\jxmpp\jxmpp-core\1.0.3\jxmpp-core-1.0.3.jar;C:\Users\DIEGO\.m2\repository\org\jxmpp\jxmpp-util-cache\1.0.3\jxmpp-util-cache-1.0.3.jar;C:\Users\DIEGO\.m2\repository\org\jxmpp\jxmpp-jid\1.0.3\jxmpp-jid-1.0.3.jar;C:\Users\DIEGO\.m2\repository\org\minidns\minidns-core\1.0.4\minidns-core-1.0.4.jar;C:\Users\DIEGO\.m2\repository\org\igniterealtime\smack\smack-extensions\4.4.6\smack-extensions-4.4.6.jar;C:\Users\DIEGO\.m2\repository\org\igniterealtime\smack\smack-java8\4.4.6\smack-java8-4.4.6.jar;C:\Users\DIEGO\.m2\repository\org\igniterealtime\smack\smack-resolver-javax\4.4.6\smack-resolver-javax-4.4.6.jar;C:\Users\DIEGO\.m2\repository\org\igniterealtime\smack\smack-sasl-javax\4.4.6\smack-sasl-javax-4.4.6.jar;C:\Users\DIEGO\.m2\repository\org\igniterealtime\smack\smack-xmlparser-stax\4.4.6\smack-xmlparser-stax-4.4.6.jar;C:\Users\DIEGO\.m2\repository\org\igniterealtime\smack\smack-xmlparser\4.4.6\smack-xmlparser-4.4.6.jar;C:\Users\DIEGO\.m2\repository\org\igniterealtime\smack\smack-experimental\4.4.6\smack-experimental-4.4.6.jar;C:\Users\DIEGO\.m2\repository\org\hsluv\hsluv\0.2\hsluv-0.2.jar;"/>
    <property name="java.vm.vendor" value="Oracle Corporation"/>
    <property name="sun.arch.data.model" value="64"/>
    <property name="user.variant" value=""/>
    <property name="java.vendor.url" value="https://java.oracle.com/"/>
    <property name="user.timezone" value="America/Guatemala"/>
    <property name="os.name" value="Windows 10"/>
    <property name="java.vm.specification.version" value="14"/>
    <property name="sun.java.launcher" value="SUN_STANDARD"/>
    <property name="user.country" value="419"/>
    <property name="sun.boot.library.path" value="C:\Program Files\Java\jdk-14.0.1\bin"/>
    <property name="sun.java.command" value="C:\Users\DIEGO\AppData\Local\Temp\surefire16385964839620767957\surefirebooter9287990457361897252.jar C:\Users\DIEGO\AppData\Local\Temp\surefire16385964839620767957 2023-08-09T12-54-41_575-jvmRun1 surefire16539439441494819552tmp surefire_08170532740989732759tmp"/>
    <property name="jdk.debug" value="release"/>
    <property name="surefire.test.class.path" value="C:\Users\DIEGO\Documents\UVG 2023\semestre2\Redes\proyecto_1\target\test-classes;C:\Users\DIEGO\Documents\UVG 2023\semestre2\Redes\proyecto_1\target\classes;C:\Users\DIEGO\.m2\repository\junit\junit\4.11\junit-4.11.jar;C:\Users\DIEGO\.m2\repository\org\hamcrest\hamcrest-core\1.3\hamcrest-core-1.3.jar;C:\Users\DIEGO\.m2\repository\org\igniterealtime\smack\smack-tcp\4.4.6\smack-tcp-4.4.6.jar;C:\Users\DIEGO\.m2\repository\org\igniterealtime\smack\smack-streammanagement\4.4.6\smack-streammanagement-4.4.6.jar;C:\Users\DIEGO\.m2\repository\org\igniterealtime\smack\smack-im\4.4.6\smack-im-4.4.6.jar;C:\Users\DIEGO\.m2\repository\org\igniterealtime\smack\smack-core\4.4.6\smack-core-4.4.6.jar;C:\Users\DIEGO\.m2\repository\org\jxmpp\jxmpp-core\1.0.3\jxmpp-core-1.0.3.jar;C:\Users\DIEGO\.m2\repository\org\jxmpp\jxmpp-util-cache\1.0.3\jxmpp-util-cache-1.0.3.jar;C:\Users\DIEGO\.m2\repository\org\jxmpp\jxmpp-jid\1.0.3\jxmpp-jid-1.0.3.jar;C:\Users\DIEGO\.m2\repository\org\minidns\minidns-core\1.0.4\minidns-core-1.0.4.jar;C:\Users\DIEGO\.m2\repository\org\igniterealtime\smack\smack-extensions\4.4.6\smack-extensions-4.4.6.jar;C:\Users\DIEGO\.m2\repository\org\igniterealtime\smack\smack-java8\4.4.6\smack-java8-4.4.6.jar;C:\Users\DIEGO\.m2\repository\org\igniterealtime\smack\smack-resolver-javax\4.4.6\smack-resolver-javax-4.4.6.jar;C:\Users\DIEGO\.m2\repository\org\igniterealtime\smack\smack-sasl-javax\4.4.6\smack-sasl-javax-4.4.6.jar;C:\Users\DIEGO\.m2\repository\org\igniterealtime\smack\smack-xmlparser-stax\4.4.6\smack-xmlparser-stax-4.4.6.jar;C:\Users\DIEGO\.m2\repository\org\igniterealtime\smack\smack-xmlparser\4.4.6\smack-xmlparser-4.4.6.jar;C:\Users\DIEGO\.m2\repository\org\igniterealtime\smack\smack-experimental\4.4.6\smack-experimental-4.4.6.jar;C:\Users\DIEGO\.m2\repository\org\hsluv\hsluv\0.2\hsluv-0.2.jar;"/>
    <property name="sun.cpu.endian" value="little"/>
    <property name="user.home" value="C:\Users\DIEGO"/>
    <property name="user.language" value="es"/>
    <property name="java.specification.vendor" value="Oracle Corporation"/>
    <property name="java.version.date" value="2020-04-14"/>
    <property name="java.home" value="C:\Program Files\Java\jdk-14.0.1"/>
    <property name="file.separator" value="\"/>
    <property name="basedir" value="C:\Users\DIEGO\Documents\UVG 2023\semestre2\Redes\proyecto_1"/>
    <property name="java.vm.compressedOopsMode" value="Zero based"/>
    <property name="line.separator" value="&#10;"/>
    <property name="java.vm.specification.vendor" value="Oracle Corporation"/>
    <property name="java.specification.name" value="Java Platform API Specification"/>
    <property name="surefire.real.class.path" value="C:\Users\DIEGO\AppData\Local\Temp\surefire16385964839620767957\surefirebooter9287990457361897252.jar"/>
    <property name="user.script" value=""/>
    <property name="sun.management.compiler" value="HotSpot 64-Bit Tiered Compilers"/>
    <property name="java.runtime.version" value="14.0.1+7"/>
    <property name="user.name" value="DIEGO"/>
    <property name="path.separator" value=";"/>
    <property name="os.version" value="10.0"/>
    <property name="java.runtime.name" value="Java(TM) SE Runtime Environment"/>
    <property name="file.encoding" value="Cp1252"/>
    <property name="java.vm.name" value="Java HotSpot(TM) 64-Bit Server VM"/>
    <property name="localRepository" value="C:\Users\DIEGO\.m2\repository"/>
    <property name="java.vendor.url.bug" value="https://bugreport.java.com/bugreport/"/>
    <property name="java.io.tmpdir" value="C:\Users\DIEGO\AppData\Local\Temp\"/>
    <property name="java.version" value="14.0.1"/>
    <property name="user.dir" value="C:\Users\DIEGO\Documents\UVG 2023\semestre2\Redes\proyecto_1"/>
    <property name="os.arch" value="amd64"/>
    <property name="java.vm.specification.name" value="Java Virtual Machine Specification"/>
    <property name="sun.os.patch.level" value=""/>
    <property name="java.library.path" value="C:\Program Files\Java\jdk-14.0.1\bin;C:\WINDOWS\Sun\Java\bin;C:\WINDOWS\system32;C:\WINDOWS;C:\Program Files (x86)\Razer Chroma SDK\bin;C:\Program Files\Razer Chroma SDK\bin;C:\Program Files (x86)\Razer\ChromaBroadcast\bin;C:\Program Files\Razer\ChromaBroadcast\bin;C:\Program Files\AdoptOpenJDK\jdk-11.0.10.9-hotspot\bin;C:\Program Files (x86)\Common Files\Oracle\Java\javapath;C:\Windows\system32;C:\Windows;C:\Windows\System32\Wbem;C:\Windows\System32\WindowsPowerShell\v1.0\;C:\Program Files (x86)\NVIDIA Corporation\PhysX\Common;C:\Program Files\dotnet\;C:\Program Files\Microsoft SQL Server\130\Tools\Binn\;C:\WINDOWS\system32;C:\WINDOWS;C:\WINDOWS\System32\Wbem;C:\WINDOWS\System32\WindowsPowerShell\v1.0\;C:\WINDOWS\System32\OpenSSH\;C:\Program Files\NVIDIA Corporation\NVIDIA NvDLISR;C:\WINDOWS\system32;C:\WINDOWS;C:\WINDOWS\System32\Wbem;C:\WINDOWS\System32\WindowsPowerShell\v1.0\;C:\WINDOWS\System32\OpenSSH\;C:\Program Files\Java\jdk-14.0.1;C:\Program Files (x86)\Intel\Intel(R) Management Engine Components\DAL;C:\Program Files\Intel\Intel(R) Management Engine Components\DAL;C:\Program Files\PuTTY\;C:\Program Files\nodejs\;C:\Program Files\Git\cmd;C:\WINDOWS\system32\config\systemprofile\AppData\Local\Microsoft\WindowsApps;C:\Users\DIEGO\AppData\Local\Microsoft\WindowsApps;C:\Program Files\Java\jdk-14.0.1\bin;C:\Users\DIEGO\AppData\Local\GitHubDesktop\bin;C:\Users\DIEGO\AppData\Local\Programs\Microsoft VS Code\bin;C:\Program Files\PostgreSQL\14\bin;C:\Users\DIEGO\AppData\Roaming\npm;C:\Users\DIEGO\AppData\Local\Google\Cloud SDK\google-cloud-sdk\bin;C:\ProgramData\chocolatey\bin;C:\msys64\mingw64\bin;C:\Users\DIEGO\AppData\Local\Programs\Python\Python311;C:\Users\DIEGO\Documents\UVG 2023\semestre1\bases2\mongosh-1.6.2-win32-x64;C:\Users\DIEGO\AppData\Local\Programs\Python\Python310;C:\Users\DIEGO\Documents\UVG 2023\semestre2\Redes\apache-maven-3.9.4\bin;C:\Users\DIEGO\AppData\Local\Programs\Python\Python310\Scripts\;C:\Users\DIEGO\AppData\Local\Programs\Python\Python310\;C:\Users\DIEGO\AppData\Local\Programs\Python\Python311\Scripts\;C:\Users\DIEGO\AppData\Local\Programs\Python\Python311\;C:\Users\DIEGO\AppData\Local\Microsoft\WindowsApps;C:\Program Files\Java\jdk-14.0.1\bin;C:\Users\DIEGO\AppData\Local\GitHubDesktop\bin;C:\Users\DIEGO\AppData\Local\Programs\Microsoft VS Code\bin;C:\Program Files\PostgreSQL\14\bin;C:\Users\DIEGO\AppData\Roaming\npm;C:\Users\DIEGO\AppData\Local\Google\Cloud SDK\google-cloud-sdk\bin;C:\tools\mysql\current\bin;;."/>
    <property name="java.vm.info" value="mixed mode, sharing"/>
    <property name="java.vendor" value="Oracle Corporation"/>
    <property name="java.vm.version" value="14.0.1+7"/>
    <property name="sun.io.unicode.encoding" value="UnicodeLittle"/>
    <property name="java.class.version" value="58.0"/>
  </properties>
  <testcase name="shouldAnswerWithTrue" classname="nekr0n.AppTest" time="0.003"/>
</testsuite>